{"level":"error","message":"Unable to connect to DB","timestamp":"2016-11-17T03:14:48.898Z"}
{"level":"info","message":"Logger craeted","timestamp":"2016-11-17T05:14:36.093Z"}
{"level":"info","message":"Connected to DB","timestamp":"2016-11-17T05:14:36.785Z"}
{"level":"info","message":"Deleting User Info","timestamp":"2016-11-17T05:14:46.444Z"}
{"level":"info","message":"Getting User Info","timestamp":"2016-11-17T05:15:13.929Z"}
{"level":"info","message":"Logger craeted","timestamp":"2016-11-17T05:35:58.627Z"}
{"level":"info","message":"Connected to DB","timestamp":"2016-11-17T05:35:59.255Z"}
{"level":"info","message":"Updating User Info","timestamp":"2016-11-17T05:39:09.987Z"}
{"level":"info","message":"Creating User Info","timestamp":"2016-11-17T05:41:29.714Z"}
{"level":"info","message":"Logger craeted","timestamp":"2016-11-17T05:45:55.203Z"}
{"level":"info","message":"Connected to DB","timestamp":"2016-11-17T05:45:55.797Z"}
{"level":"info","message":"Creating User Info","timestamp":"2016-11-17T05:46:05.438Z"}
{"level":"info","message":"Logger craeted","timestamp":"2016-11-17T05:52:06.988Z"}
{"level":"info","message":"Connected to DB","timestamp":"2016-11-17T05:52:07.632Z"}
{"level":"info","message":"Creating User Info","timestamp":"2016-11-17T05:52:21.823Z"}
{"level":"info","message":"Logger craeted","timestamp":"2016-11-17T05:53:27.915Z"}
{"level":"info","message":"Connected to DB","timestamp":"2016-11-17T05:53:28.942Z"}
{"level":"info","message":"Creating User Info","timestamp":"2016-11-17T05:53:35.123Z"}
{"level":"info","message":"Logger craeted","timestamp":"2016-11-17T05:54:55.105Z"}
{"level":"info","message":"Connected to DB","timestamp":"2016-11-17T05:54:55.738Z"}
{"level":"info","message":"Creating User Info","timestamp":"2016-11-17T05:55:01.978Z"}
{"level":"info","message":"Logger craeted","timestamp":"2016-11-17T05:57:34.304Z"}
{"level":"info","message":"Connected to DB","timestamp":"2016-11-17T05:57:35.048Z"}
{"level":"info","message":"Creating User Info","timestamp":"2016-11-17T05:57:38.324Z"}
{"level":"info","message":"Logger craeted","timestamp":"2016-11-17T05:57:51.541Z"}
{"level":"info","message":"Connected to DB","timestamp":"2016-11-17T05:57:52.543Z"}
{"level":"info","message":"Getting User Info","timestamp":"2016-11-17T05:57:55.111Z"}
{"level":"info","message":"Logger craeted","timestamp":"2016-11-17T05:59:05.595Z"}
{"level":"info","message":"Connected to DB","timestamp":"2016-11-17T05:59:06.401Z"}
{"level":"info","message":"Creating User Info","timestamp":"2016-11-17T05:59:09.328Z"}
{"level":"info","message":"Logger craeted","timestamp":"2016-11-17T05:59:46.323Z"}
{"level":"info","message":"Connected to DB","timestamp":"2016-11-17T05:59:47.234Z"}
{"level":"info","message":"Creating User Info","timestamp":"2016-11-17T05:59:53.176Z"}
{"level":"info","message":"Logger craeted","timestamp":"2016-11-17T06:04:07.231Z"}
{"level":"info","message":"Connected to DB","timestamp":"2016-11-17T06:04:07.983Z"}
{"level":"info","message":"Creating User Info","timestamp":"2016-11-17T06:04:20.840Z"}
{"level":"info","message":"Logger craeted","timestamp":"2016-11-17T06:10:19.086Z"}
{"level":"info","message":"Connected to DB","timestamp":"2016-11-17T06:10:19.792Z"}
{"level":"info","message":"Creating User Info","timestamp":"2016-11-17T06:10:23.729Z"}
{"level":"info","message":"Logger craeted","timestamp":"2016-11-17T06:14:30.078Z"}
{"level":"info","message":"Connected to DB","timestamp":"2016-11-17T06:14:30.744Z"}
{"level":"info","message":"Creating User Info","timestamp":"2016-11-17T06:14:33.120Z"}
{"level":"info","message":"Updating User Info","timestamp":"2016-11-17T06:15:06.356Z"}
{"level":"info","message":"Creating User Info","timestamp":"2016-11-17T06:15:37.529Z"}
{"level":"info","message":"Logger craeted","timestamp":"2016-11-17T06:16:50.136Z"}
{"level":"info","message":"Connected to DB","timestamp":"2016-11-17T06:16:50.851Z"}
{"level":"info","message":"Creating User Info","timestamp":"2016-11-17T06:16:53.279Z"}
{"level":"info","message":"Logger craeted","timestamp":"2016-11-17T06:19:45.092Z"}
{"level":"info","message":"Connected to DB","timestamp":"2016-11-17T06:19:45.810Z"}
{"level":"info","message":"Creating User Info","timestamp":"2016-11-17T06:19:49.210Z"}
{"level":"info","message":"Logger craeted","timestamp":"2016-11-17T06:21:02.998Z"}
{"level":"info","message":"Connected to DB","timestamp":"2016-11-17T06:21:03.595Z"}
{"level":"info","message":"Creating User Info","timestamp":"2016-11-17T06:21:16.435Z"}
{"level":"info","message":"Logger craeted","timestamp":"2016-11-17T06:21:42.599Z"}
{"level":"info","message":"Connected to DB","timestamp":"2016-11-17T06:21:43.204Z"}
{"level":"info","message":"Creating User Info","timestamp":"2016-11-17T06:21:47.427Z"}
{"level":"info","message":"Creating User Info","timestamp":"2016-11-17T06:21:49.176Z"}
{"level":"info","message":"Creating User Info","timestamp":"2016-11-17T06:21:49.843Z"}
{"level":"info","message":"Creating User Info","timestamp":"2016-11-17T06:21:50.211Z"}
{"level":"info","message":"Logger craeted","timestamp":"2016-11-17T06:22:58.073Z"}
{"level":"info","message":"Connected to DB","timestamp":"2016-11-17T06:22:59.116Z"}
{"level":"info","message":"Creating User Info","timestamp":"2016-11-17T06:23:02.377Z"}
{"level":"info","message":"Creating User Info","timestamp":"2016-11-17T06:26:23.172Z"}
{"level":"info","message":"Creating User Info","timestamp":"2016-11-17T06:27:44.246Z"}
{"level":"info","message":"Getting User Info","timestamp":"2016-11-17T06:28:18.074Z"}
{"level":"info","message":"Logger craeted","timestamp":"2016-11-17T18:25:27.757Z"}
{"level":"info","message":"Connected to DB","timestamp":"2016-11-17T18:25:29.290Z"}
{"level":"info","message":"Creating User Info","timestamp":"2016-11-17T18:25:50.132Z"}
{"level":"info","message":"Creating User Info","timestamp":"2016-11-17T18:32:23.448Z"}
{"level":"info","message":"Logger craeted","timestamp":"2016-11-17T18:36:46.181Z"}
{"level":"info","message":"Connected to DB","timestamp":"2016-11-17T18:36:47.477Z"}
{"level":"info","message":"Creating User Info[object Object]","timestamp":"2016-11-17T18:36:51.589Z"}
{"level":"info","message":"Logger craeted","timestamp":"2016-11-17T18:37:51.552Z"}
{"level":"info","message":"Connected to DB","timestamp":"2016-11-17T18:37:52.242Z"}
{"level":"info","message":"Creating User Info[object Object]","timestamp":"2016-11-17T18:37:59.852Z"}
{"level":"info","message":"Creating User Info[object Object]","timestamp":"2016-11-17T18:40:20.251Z"}
{"level":"info","message":"Creating User Info[object Object]","timestamp":"2016-11-17T18:42:14.014Z"}
{"level":"info","message":"Creating User Info[object Object]","timestamp":"2016-11-17T18:42:58.226Z"}
{"level":"info","message":"Getting User Info jithu","timestamp":"2016-11-17T19:05:19.833Z"}
{"level":"info","message":"Logger craeted","timestamp":"2016-11-17T19:24:32.225Z"}
{"level":"info","message":"Connected to DB","timestamp":"2016-11-17T19:24:33.591Z"}
{"level":"info","message":"Creating User Info[object Object]","timestamp":"2016-11-17T19:24:41.602Z"}
{"level":"info","message":"Logger craeted","timestamp":"2016-11-17T19:51:54.978Z"}
{"level":"info","message":"Connected to DB","timestamp":"2016-11-17T19:51:56.032Z"}
{"level":"info","message":"Updating User Info","timestamp":"2016-11-17T19:52:14.001Z"}
{"level":"info","message":"Logger craeted","timestamp":"2016-11-17T19:53:09.149Z"}
{"level":"info","message":"Connected to DB","timestamp":"2016-11-17T19:53:09.896Z"}
{"level":"info","message":"Updating User Info","timestamp":"2016-11-17T19:53:13.152Z"}
{"level":"info","message":"Logger craeted","timestamp":"2016-11-17T19:59:40.051Z"}
{"level":"info","message":"Connected to DB","timestamp":"2016-11-17T19:59:41.879Z"}
{"level":"info","message":"Updating User Info","timestamp":"2016-11-17T20:00:51.817Z"}
{"level":"info","message":"Creating User Info[object Object]","timestamp":"2016-11-17T20:21:44.920Z"}
{"level":"info","message":"Logger craeted","timestamp":"2016-11-17T20:29:03.062Z"}
{"level":"error","message":"Unable to connect to DB","timestamp":"2016-11-17T20:29:03.924Z"}
{"level":"info","message":"Logger craeted","timestamp":"2016-11-17T20:40:43.345Z"}
{"level":"info","message":"Connected to DB","timestamp":"2016-11-17T20:40:44.405Z"}
{"level":"info","message":"Creating User Info[object Object]","timestamp":"2016-11-17T20:40:51.252Z"}
{"level":"info","message":"Logger craeted","timestamp":"2016-11-17T20:48:39.699Z"}
{"level":"info","message":"Connected to DB","timestamp":"2016-11-17T20:48:40.856Z"}
{"level":"info","message":"Creating User Info[object Object]","timestamp":"2016-11-17T20:48:46.232Z"}
{"level":"info","message":"Logger craeted","timestamp":"2016-11-17T20:50:49.936Z"}
{"level":"info","message":"Connected to DB","timestamp":"2016-11-17T20:50:51.035Z"}
{"level":"info","message":"Creating User Info[object Object]","timestamp":"2016-11-17T20:50:53.812Z"}
{"level":"info","message":"Logger craeted","timestamp":"2016-11-17T20:52:23.894Z"}
{"level":"info","message":"Connected to DB","timestamp":"2016-11-17T20:52:24.993Z"}
{"level":"info","message":"Creating User Info[object Object]","timestamp":"2016-11-17T20:52:41.897Z"}
{"level":"info","message":"Logger craeted","timestamp":"2016-11-17T21:32:17.765Z"}
{"level":"info","message":"Connected to DB","timestamp":"2016-11-17T21:32:18.845Z"}
{"level":"info","message":"Creating User Info[object Object]","timestamp":"2016-11-17T21:32:23.179Z"}
{"level":"info","message":"Logger craeted","timestamp":"2016-11-17T21:46:41.079Z"}
{"level":"info","message":"Connected to DB","timestamp":"2016-11-17T21:46:42.103Z"}
{"level":"info","message":"Creating User Info[object Object]","timestamp":"2016-11-17T21:46:46.024Z"}
{"level":"info","message":"Creating User Info[object Object]","timestamp":"2016-11-17T21:52:58.363Z"}
{"level":"info","message":"Logger craeted","timestamp":"2016-11-17T21:53:10.722Z"}
{"level":"info","message":"Connected to DB","timestamp":"2016-11-17T21:53:11.378Z"}
{"level":"info","message":"Creating User Info[object Object]","timestamp":"2016-11-17T21:53:14.995Z"}
{"level":"info","message":"Logger craeted","timestamp":"2016-11-17T21:59:27.238Z"}
{"level":"info","message":"Connected to DB","timestamp":"2016-11-17T21:59:28.308Z"}
{"level":"info","message":"Creating User Info[object Object]","timestamp":"2016-11-17T21:59:32.052Z"}
{"level":"info","message":"Logger craeted","timestamp":"2016-11-17T22:06:41.536Z"}
{"level":"info","message":"Connected to DB","timestamp":"2016-11-17T22:06:42.725Z"}
{"level":"info","message":"Creating User Info[object Object]","timestamp":"2016-11-17T22:06:44.919Z"}
{"level":"info","message":"Creating User Info[object Object]","timestamp":"2016-11-17T22:11:47.930Z"}
{"level":"info","message":"Creating User Info[object Object]","timestamp":"2016-11-17T22:13:05.049Z"}
{"level":"info","message":"Updating User Info","timestamp":"2016-11-17T22:14:03.729Z"}
{"level":"info","message":"Creating User Info[object Object]","timestamp":"2016-11-17T22:24:46.994Z"}
{"level":"info","message":"Creating User Info[object Object]","timestamp":"2016-11-17T22:25:08.648Z"}
{"level":"error","message":"Unable to connect to DB","timestamp":"2016-11-18T04:16:54.774Z"}
{"level":"info","message":"Logger craeted","timestamp":"2017-01-19T21:58:24.798Z"}
{"level":"info","message":"Connected to DB","timestamp":"2017-01-19T21:58:25.520Z"}
{"level":"info","message":"Logger craeted","timestamp":"2017-01-19T22:22:20.603Z"}
{"level":"info","message":"Connected to DB","timestamp":"2017-01-19T22:22:21.430Z"}
{"level":"info","message":"Logger craeted","timestamp":"2017-01-19T23:11:49.604Z"}
{"level":"info","message":"Connected to DB","timestamp":"2017-01-19T23:11:50.256Z"}
{"level":"info","message":"Logger craeted","timestamp":"2017-01-19T23:51:56.696Z"}
{"level":"info","message":"Connected to DB","timestamp":"2017-01-19T23:51:57.473Z"}
{"level":"error","message":"Unable to connect to DB","timestamp":"2017-01-20T02:03:49.355Z"}
{"level":"info","message":"Logger craeted","timestamp":"2017-01-20T18:38:37.084Z"}
{"level":"info","message":"Connected to DB","timestamp":"2017-01-20T18:38:37.915Z"}
{"level":"info","message":"Logger craeted","timestamp":"2017-01-20T19:07:32.181Z"}
{"level":"info","message":"Connected to DB","timestamp":"2017-01-20T19:07:32.832Z"}
{"level":"info","message":"Logger craeted","timestamp":"2017-01-20T19:23:22.063Z"}
{"level":"info","message":"Connected to DB","timestamp":"2017-01-20T19:23:22.817Z"}
{"level":"error","message":"Unable to connect to DB","timestamp":"2017-01-21T06:40:08.348Z"}
